# JRE version: OpenJDK Runtime Environment (8.0_452-b09) (build 1.8.0_452-8u452-ga~us1-0ubuntu1~20.04-b09)
# Java VM: OpenJDK 64-Bit Server VM (25.452-b09 mixed mode linux-amd64 compressed oops)
Heap:
 PSYoungGen      total 160768K, used 146362K [0x00000000eab00000, 0x00000000f6280000, 0x0000000100000000)
  eden space 160256K, 91% used [0x00000000eab00000,0x00000000f39ee990,0x00000000f4780000)
  from space 512K, 0% used [0x00000000f4780000,0x00000000f4780000,0x00000000f4800000)
  to   space 13824K, 0% used [0x00000000f5500000,0x00000000f5500000,0x00000000f6280000)
 ParOldGen       total 699392K, used 72172K [0x00000000c0000000, 0x00000000eab00000, 0x00000000eab00000)
  object space 699392K, 10% used [0x00000000c0000000,0x00000000c467b3b0,0x00000000eab00000)
 Metaspace       used 14285K, capacity 14836K, committed 15104K, reserved 1062912K
  class space    used 2096K, capacity 2229K, committed 2304K, reserved 1048576K
GC Heap History (10 events):
Event: 24.756 GC heap before
{Heap before GC invocations=38 (full 7):
 PSYoungGen      total 160768K, used 64K [0x00000000eab00000, 0x00000000f6680000, 0x0000000100000000)
  eden space 160256K, 0% used [0x00000000eab00000,0x00000000eab00000,0x00000000f4780000)
  from space 512K, 12% used [0x00000000f4780000,0x00000000f4790000,0x00000000f4800000)
  to   space 15872K, 0% used [0x00000000f5700000,0x00000000f5700000,0x00000000f6680000)
 ParOldGen       total 699392K, used 72172K [0x00000000c0000000, 0x00000000eab00000, 0x00000000eab00000)
  object space 699392K, 10% used [0x00000000c0000000,0x00000000c467b378,0x00000000eab00000)
 Metaspace       used 14274K, capacity 14836K, committed 15104K, reserved 1062912K
  class space    used 2094K, capacity 2229K, committed 2304K, reserved 1048576K
Event: 24.815 GC heap after
Heap after GC invocations=38 (full 7):
 PSYoungGen      total 160768K, used 0K [0x00000000eab00000, 0x00000000f6680000, 0x0000000100000000)
  eden space 160256K, 0% used [0x00000000eab00000,0x00000000eab00000,0x00000000f4780000)
  from space 512K, 0% used [0x00000000f4780000,0x00000000f4780000,0x00000000f4800000)
  to   space 15872K, 0% used [0x00000000f5700000,0x00000000f5700000,0x00000000f6680000)
 ParOldGen       total 699392K, used 72172K [0x00000000c0000000, 0x00000000eab00000, 0x00000000eab00000)
  object space 699392K, 10% used [0x00000000c0000000,0x00000000c467b3c0,0x00000000eab00000)
 Metaspace       used 14274K, capacity 14836K, committed 15104K, reserved 1062912K
  class space    used 2094K, capacity 2229K, committed 2304K, reserved 1048576K
}
Event: 25.334 GC heap before
{Heap before GC invocations=39 (full 7):
 PSYoungGen      total 160768K, used 9544K [0x00000000eab00000, 0x00000000f6680000, 0x0000000100000000)
  eden space 160256K, 5% used [0x00000000eab00000,0x00000000eb452068,0x00000000f4780000)
  from space 512K, 0% used [0x00000000f4780000,0x00000000f4780000,0x00000000f4800000)
  to   space 15872K, 0% used [0x00000000f5700000,0x00000000f5700000,0x00000000f6680000)
 ParOldGen       total 699392K, used 72172K [0x00000000c0000000, 0x00000000eab00000, 0x00000000eab00000)
  object space 699392K, 10% used [0x00000000c0000000,0x00000000c467b3c0,0x00000000eab00000)
 Metaspace       used 14274K, capacity 14836K, committed 15104K, reserved 1062912K
  class space    used 2094K, capacity 2229K, committed 2304K, reserved 1048576K
Event: 25.335 GC heap after
Heap after GC invocations=39 (full 7):
 PSYoungGen      total 174080K, used 32K [0x00000000eab00000, 0x00000000f6480000, 0x0000000100000000)
  eden space 160256K, 0% used [0x00000000eab00000,0x00000000eab00000,0x00000000f4780000)
  from space 13824K, 0% used [0x00000000f5700000,0x00000000f5708000,0x00000000f6480000)
  to   space 14848K, 0% used [0x00000000f4780000,0x00000000f4780000,0x00000000f5600000)
 ParOldGen       total 699392K, used 72172K [0x00000000c0000000, 0x00000000eab00000, 0x00000000eab00000)
  object space 699392K, 10% used [0x00000000c0000000,0x00000000c467b3c0,0x00000000eab00000)
 Metaspace       used 14274K, capacity 14836K, committed 15104K, reserved 1062912K
  class space    used 2094K, capacity 2229K, committed 2304K, reserved 1048576K
}
Event: 25.335 GC heap before
{Heap before GC invocations=40 (full 8):
 PSYoungGen      total 174080K, used 32K [0x00000000eab00000, 0x00000000f6480000, 0x0000000100000000)
  eden space 160256K, 0% used [0x00000000eab00000,0x00000000eab00000,0x00000000f4780000)
  from space 13824K, 0% used [0x00000000f5700000,0x00000000f5708000,0x00000000f6480000)
  to   space 14848K, 0% used [0x00000000f4780000,0x00000000f4780000,0x00000000f5600000)
 ParOldGen       total 699392K, used 72172K [0x00000000c0000000, 0x00000000eab00000, 0x00000000eab00000)
  object space 699392K, 10% used [0x00000000c0000000,0x00000000c467b3c0,0x00000000eab00000)
 Metaspace       used 14274K, capacity 14836K, committed 15104K, reserved 1062912K
  class space    used 2094K, capacity 2229K, committed 2304K, reserved 1048576K
Event: 25.393 GC heap after
Heap after GC invocations=40 (full 8):
 PSYoungGen      total 174080K, used 0K [0x00000000eab00000, 0x00000000f6480000, 0x0000000100000000)
  eden space 160256K, 0% used [0x00000000eab00000,0x00000000eab00000,0x00000000f4780000)
  from space 13824K, 0% used [0x00000000f5700000,0x00000000f5700000,0x00000000f6480000)
  to   space 14848K, 0% used [0x00000000f4780000,0x00000000f4780000,0x00000000f5600000)
 ParOldGen       total 699392K, used 72172K [0x00000000c0000000, 0x00000000eab00000, 0x00000000eab00000)
  object space 699392K, 10% used [0x00000000c0000000,0x00000000c467b378,0x00000000eab00000)
 Metaspace       used 14274K, capacity 14836K, committed 15104K, reserved 1062912K
  class space    used 2094K, capacity 2229K, committed 2304K, reserved 1048576K
}
Event: 25.873 GC heap before
{Heap before GC invocations=41 (full 8):
 PSYoungGen      total 174080K, used 2K [0x00000000eab00000, 0x00000000f6480000, 0x0000000100000000)
  eden space 160256K, 0% used [0x00000000eab00000,0x00000000eab00858,0x00000000f4780000)
  from space 13824K, 0% used [0x00000000f5700000,0x00000000f5700000,0x00000000f6480000)
  to   space 14848K, 0% used [0x00000000f4780000,0x00000000f4780000,0x00000000f5600000)
 ParOldGen       total 699392K, used 72172K [0x00000000c0000000, 0x00000000eab00000, 0x00000000eab00000)
  object space 699392K, 10% used [0x00000000c0000000,0x00000000c467b378,0x00000000eab00000)
 Metaspace       used 14274K, capacity 14836K, committed 15104K, reserved 1062912K
  class space    used 2094K, capacity 2229K, committed 2304K, reserved 1048576K
Event: 25.875 GC heap after
Heap after GC invocations=41 (full 8):
 PSYoungGen      total 160768K, used 32K [0x00000000eab00000, 0x00000000f6280000, 0x0000000100000000)
  eden space 160256K, 0% used [0x00000000eab00000,0x00000000eab00000,0x00000000f4780000)
  from space 512K, 6% used [0x00000000f4780000,0x00000000f4788000,0x00000000f4800000)
  to   space 13824K, 0% used [0x00000000f5500000,0x00000000f5500000,0x00000000f6280000)
 ParOldGen       total 699392K, used 72172K [0x00000000c0000000, 0x00000000eab00000, 0x00000000eab00000)
  object space 699392K, 10% used [0x00000000c0000000,0x00000000c467b378,0x00000000eab00000)
 Metaspace       used 14274K, capacity 14836K, committed 15104K, reserved 1062912K
  class space    used 2094K, capacity 2229K, committed 2304K, reserved 1048576K
}
Event: 25.875 GC heap before
{Heap before GC invocations=42 (full 9):
 PSYoungGen      total 160768K, used 32K [0x00000000eab00000, 0x00000000f6280000, 0x0000000100000000)
  eden space 160256K, 0% used [0x00000000eab00000,0x00000000eab00000,0x00000000f4780000)
  from space 512K, 6% used [0x00000000f4780000,0x00000000f4788000,0x00000000f4800000)
  to   space 13824K, 0% used [0x00000000f5500000,0x00000000f5500000,0x00000000f6280000)
 ParOldGen       total 699392K, used 72172K [0x00000000c0000000, 0x00000000eab00000, 0x00000000eab00000)
  object space 699392K, 10% used [0x00000000c0000000,0x00000000c467b378,0x00000000eab00000)
 Metaspace       used 14274K, capacity 14836K, committed 15104K, reserved 1062912K
  class space    used 2094K, capacity 2229K, committed 2304K, reserved 1048576K
Event: 25.945 GC heap after
Heap after GC invocations=42 (full 9):
 PSYoungGen      total 160768K, used 0K [0x00000000eab00000, 0x00000000f6280000, 0x0000000100000000)
  eden space 160256K, 0% used [0x00000000eab00000,0x00000000eab00000,0x00000000f4780000)
  from space 512K, 0% used [0x00000000f4780000,0x00000000f4780000,0x00000000f4800000)
  to   space 13824K, 0% used [0x00000000f5500000,0x00000000f5500000,0x00000000f6280000)
 ParOldGen       total 699392K, used 72172K [0x00000000c0000000, 0x00000000eab00000, 0x00000000eab00000)
  object space 699392K, 10% used [0x00000000c0000000,0x00000000c467b3b0,0x00000000eab00000)
 Metaspace       used 14274K, capacity 14836K, committed 15104K, reserved 1062912K
  class space    used 2094K, capacity 2229K, committed 2304K, reserved 1048576K
}

